# JRE version: Java(TM) SE Runtime Environment (8.0_131-b11) (build 1.8.0_131-b11)
# Java VM: Java HotSpot(TM) 64-Bit Server VM (25.131-b11 mixed mode linux-amd64 compressed oops)
Heap:
 PSYoungGen      total 134656K, used 1160K [0x00000000f5580000, 0x0000000100000000, 0x0000000100000000)
  eden space 97280K, 1% used [0x00000000f5580000,0x00000000f56a22d8,0x00000000fb480000)
  from space 37376K, 0% used [0x00000000fd900000,0x00000000fd900000,0x00000000ffd80000)
  to   space 37376K, 0% used [0x00000000fb480000,0x00000000fb480000,0x00000000fd900000)
 ParOldGen       total 349696K, used 201253K [0x00000000e0000000, 0x00000000f5580000, 0x00000000f5580000)
  object space 349696K, 57% used [0x00000000e0000000,0x00000000ec4896e8,0x00000000f5580000)
 Metaspace       used 168996K, capacity 175940K, committed 229592K, reserved 1243136K
  class space    used 25206K, capacity 26890K, committed 36736K, reserved 1048576K
GC Heap History (10 events):
Event: 16332.861 GC heap before
{Heap before GC invocations=222 (full 5):
 PSYoungGen      total 136192K, used 125357K [0x00000000f5580000, 0x0000000100000000, 0x0000000100000000)
  eden space 101888K, 100% used [0x00000000f5580000,0x00000000fb900000,0x00000000fb900000)
  from space 34304K, 68% used [0x00000000fde80000,0x00000000ff56b590,0x0000000100000000)
  to   space 36352K, 0% used [0x00000000fb900000,0x00000000fb900000,0x00000000fdc80000)
 ParOldGen       total 349696K, used 328881K [0x00000000e0000000, 0x00000000f5580000, 0x00000000f5580000)
  object space 349696K, 94% used [0x00000000e0000000,0x00000000f412c618,0x00000000f5580000)
 Metaspace       used 237594K, capacity 254718K, committed 254924K, reserved 1267712K
  class space    used 33036K, capacity 36488K, committed 36608K, reserved 1048576K
Event: 16332.881 GC heap after
Heap after GC invocations=222 (full 5):
 PSYoungGen      total 135680K, used 33654K [0x00000000f5580000, 0x0000000100000000, 0x0000000100000000)
  eden space 101888K, 0% used [0x00000000f5580000,0x00000000f5580000,0x00000000fb900000)
  from space 33792K, 99% used [0x00000000fb900000,0x00000000fd9dd8e8,0x00000000fda00000)
  to   space 38912K, 0% used [0x00000000fda00000,0x00000000fda00000,0x0000000100000000)
 ParOldGen       total 349696K, used 329017K [0x00000000e0000000, 0x00000000f5580000, 0x00000000f5580000)
  object space 349696K, 94% used [0x00000000e0000000,0x00000000f414e618,0x00000000f5580000)
 Metaspace       used 237594K, capacity 254718K, committed 254924K, reserved 1267712K
  class space    used 33036K, capacity 36488K, committed 36608K, reserved 1048576K
}
Event: 16336.278 GC heap before
{Heap before GC invocations=223 (full 5):
 PSYoungGen      total 135680K, used 135542K [0x00000000f5580000, 0x0000000100000000, 0x0000000100000000)
  eden space 101888K, 100% used [0x00000000f5580000,0x00000000fb900000,0x00000000fb900000)
  from space 33792K, 99% used [0x00000000fb900000,0x00000000fd9dd8e8,0x00000000fda00000)
  to   space 38912K, 0% used [0x00000000fda00000,0x00000000fda00000,0x0000000100000000)
 ParOldGen       total 349696K, used 329017K [0x00000000e0000000, 0x00000000f5580000, 0x00000000f5580000)
  object space 349696K, 94% used [0x00000000e0000000,0x00000000f414e618,0x00000000f5580000)
 Metaspace       used 237594K, capacity 254718K, committed 254924K, reserved 1267712K
  class space    used 33036K, capacity 36488K, committed 36608K, reserved 1048576K
Event: 16336.299 GC heap after
Heap after GC invocations=223 (full 5):
 PSYoungGen      total 136192K, used 28838K [0x00000000f5580000, 0x0000000100000000, 0x0000000100000000)
  eden space 97280K, 0% used [0x00000000f5580000,0x00000000f5580000,0x00000000fb480000)
  from space 38912K, 74% used [0x00000000fda00000,0x00000000ff629bc8,0x0000000100000000)
  to   space 38400K, 0% used [0x00000000fb480000,0x00000000fb480000,0x00000000fda00000)
 ParOldGen       total 349696K, used 329017K [0x00000000e0000000, 0x00000000f5580000, 0x00000000f5580000)
  object space 349696K, 94% used [0x00000000e0000000,0x00000000f414e618,0x00000000f5580000)
 Metaspace       used 237594K, capacity 254718K, committed 254924K, reserved 1267712K
  class space    used 33036K, capacity 36488K, committed 36608K, reserved 1048576K
}
Event: 16340.824 GC heap before
{Heap before GC invocations=224 (full 5):
 PSYoungGen      total 136192K, used 126118K [0x00000000f5580000, 0x0000000100000000, 0x0000000100000000)
  eden space 97280K, 100% used [0x00000000f5580000,0x00000000fb480000,0x00000000fb480000)
  from space 38912K, 74% used [0x00000000fda00000,0x00000000ff629bc8,0x0000000100000000)
  to   space 38400K, 0% used [0x00000000fb480000,0x00000000fb480000,0x00000000fda00000)
 ParOldGen       total 349696K, used 329017K [0x00000000e0000000, 0x00000000f5580000, 0x00000000f5580000)
  object space 349696K, 94% used [0x00000000e0000000,0x00000000f414e618,0x00000000f5580000)
 Metaspace       used 237893K, capacity 255054K, committed 255180K, reserved 1267712K
  class space    used 33086K, capacity 36560K, committed 36608K, reserved 1048576K
Event: 16340.845 GC heap after
Heap after GC invocations=224 (full 5):
 PSYoungGen      total 122880K, used 25424K [0x00000000f5580000, 0x00000000ffd80000, 0x0000000100000000)
  eden space 97280K, 0% used [0x00000000f5580000,0x00000000f5580000,0x00000000fb480000)
  from space 25600K, 99% used [0x00000000fb480000,0x00000000fcd540b8,0x00000000fcd80000)
  to   space 37376K, 0% used [0x00000000fd900000,0x00000000fd900000,0x00000000ffd80000)
 ParOldGen       total 349696K, used 329025K [0x00000000e0000000, 0x00000000f5580000, 0x00000000f5580000)
  object space 349696K, 94% used [0x00000000e0000000,0x00000000f4150618,0x00000000f5580000)
 Metaspace       used 237893K, capacity 255054K, committed 255180K, reserved 1267712K
  class space    used 33086K, capacity 36560K, committed 36608K, reserved 1048576K
}
Event: 16340.897 GC heap before
{Heap before GC invocations=225 (full 5):
 PSYoungGen      total 122880K, used 32047K [0x00000000f5580000, 0x00000000ffd80000, 0x0000000100000000)
  eden space 97280K, 6% used [0x00000000f5580000,0x00000000f5bf7d28,0x00000000fb480000)
  from space 25600K, 99% used [0x00000000fb480000,0x00000000fcd540b8,0x00000000fcd80000)
  to   space 37376K, 0% used [0x00000000fd900000,0x00000000fd900000,0x00000000ffd80000)
 ParOldGen       total 349696K, used 329025K [0x00000000e0000000, 0x00000000f5580000, 0x00000000f5580000)
  object space 349696K, 94% used [0x00000000e0000000,0x00000000f4150618,0x00000000f5580000)
 Metaspace       used 238957K, capacity 256110K, committed 256216K, reserved 1269760K
  class space    used 33175K, capacity 36656K, committed 36736K, reserved 1048576K
Event: 16340.919 GC heap after
Heap after GC invocations=225 (full 5):
 PSYoungGen      total 134656K, used 19852K [0x00000000f5580000, 0x0000000100000000, 0x0000000100000000)
  eden space 97280K, 0% used [0x00000000f5580000,0x00000000f5580000,0x00000000fb480000)
  from space 37376K, 53% used [0x00000000fd900000,0x00000000fec630d8,0x00000000ffd80000)
  to   space 37376K, 0% used [0x00000000fb480000,0x00000000fb480000,0x00000000fd900000)
 ParOldGen       total 349696K, used 332317K [0x00000000e0000000, 0x00000000f5580000, 0x00000000f5580000)
  object space 349696K, 95% used [0x00000000e0000000,0x00000000f44874f8,0x00000000f5580000)
 Metaspace       used 238957K, capacity 256110K, committed 256216K, reserved 1269760K
  class space    used 33175K, capacity 36656K, committed 36736K, reserved 1048576K
}
Event: 16340.919 GC heap before
{Heap before GC invocations=226 (full 6):
 PSYoungGen      total 134656K, used 19852K [0x00000000f5580000, 0x0000000100000000, 0x0000000100000000)
  eden space 97280K, 0% used [0x00000000f5580000,0x00000000f5580000,0x00000000fb480000)
  from space 37376K, 53% used [0x00000000fd900000,0x00000000fec630d8,0x00000000ffd80000)
  to   space 37376K, 0% used [0x00000000fb480000,0x00000000fb480000,0x00000000fd900000)
 ParOldGen       total 349696K, used 332317K [0x00000000e0000000, 0x00000000f5580000, 0x00000000f5580000)
  object space 349696K, 95% used [0x00000000e0000000,0x00000000f44874f8,0x00000000f5580000)
 Metaspace       used 238957K, capacity 256110K, committed 256216K, reserved 1269760K
  class space    used 33175K, capacity 36656K, committed 36736K, reserved 1048576K
Event: 16341.377 GC heap after
Heap after GC invocations=226 (full 6):
 PSYoungGen      total 134656K, used 0K [0x00000000f5580000, 0x0000000100000000, 0x0000000100000000)
  eden space 97280K, 0% used [0x00000000f5580000,0x00000000f5580000,0x00000000fb480000)
  from space 37376K, 0% used [0x00000000fd900000,0x00000000fd900000,0x00000000ffd80000)
  to   space 37376K, 0% used [0x00000000fb480000,0x00000000fb480000,0x00000000fd900000)
 ParOldGen       total 349696K, used 201253K [0x00000000e0000000, 0x00000000f5580000, 0x00000000f5580000)
  object space 349696K, 57% used [0x00000000e0000000,0x00000000ec4896e8,0x00000000f5580000)
 Metaspace       used 168875K, capacity 175812K, committed 229592K, reserved 1243136K
  class space    used 25204K, capacity 26890K, committed 36736K, reserved 1048576K
}

